2024-04-29 09:52:40,343 [Worker-7: Loading available Gradle versions] INFO  o.e.b.c.i.u.g.PublishedGradleVersions - Gradle version information cache is out-of-date. Trying to update.
2024-04-29 17:08:35,619 [Worker-4: Loading available Gradle versions] INFO  o.e.b.c.i.u.g.PublishedGradleVersions - Gradle version information cache is up-to-date. Trying to read.
2024-04-30 09:42:13,004 [Worker-1: Loading available Gradle versions] INFO  o.e.b.c.i.u.g.PublishedGradleVersions - Gradle version information cache is up-to-date. Trying to read.
2024-05-01 09:36:06,950 [Worker-2: Loading available Gradle versions] INFO  o.e.b.c.i.u.g.PublishedGradleVersions - Gradle version information cache is out-of-date. Trying to update.
2024-05-01 11:17:20,018 [main] INFO  org.eclipse.jetty.server.Server - jetty-12.0.6; built: 2024-01-30T02:43:24.387Z; git: 78ab6e6ba163f89cdd97f2ae0283fbb5e371cfaf; jvm 17.0.10+7
2024-05-01 11:17:20,070 [main] INFO  o.e.j.server.handler.ContextHandler - Started oeje8n.ContextHandler$CoreContextHandler@73ff5c08{/wse,/wse,b=null,a=AVAILABLE,h=oeje8n.ContextHandler$CoreContextHandler$CoreToNestedHandler@28c454ea{STARTED}}
2024-05-01 11:17:20,071 [main] INFO  o.e.j.s.DefaultSessionIdManager - Session workerName=node0
2024-05-01 11:17:20,091 [main] INFO  o.e.jetty.server.AbstractConnector - Started ServerConnector@510ee9ec{HTTP/1.1, (http/1.1)}{0.0.0.0:57599}
2024-05-01 11:17:20,103 [main] INFO  org.eclipse.jetty.server.Server - Started oejs.Server@1cdc84a7{STARTING}[12.0.6,sto=0] @6115117ms
2024-05-01 11:17:20,553 [qtp197474840-1036] INFO  o.e.j.e.nested.ContextHandler._wse - Warning: No org.apache.tomcat.JarScanner set in ServletContext. Falling back to default JarScanner implementation.
2024-05-01 19:13:44,194 [Framework stop - Equinox Container: 4094f432-f6a4-40e5-bf37-54bf904ed159] INFO  org.eclipse.jetty.server.Server - Stopped oejs.Server@1cdc84a7{STOPPING}[12.0.6,sto=0]
2024-05-01 19:13:44,196 [Framework stop - Equinox Container: 4094f432-f6a4-40e5-bf37-54bf904ed159] INFO  o.e.jetty.server.AbstractConnector - Stopped ServerConnector@510ee9ec{HTTP/1.1, (http/1.1)}{0.0.0.0:0}
2024-05-02 09:38:44,446 [Worker-4: Loading available Gradle versions] INFO  o.e.b.c.i.u.g.PublishedGradleVersions - Gradle version information cache is out-of-date. Trying to update.
2024-05-02 10:17:33,947 [Worker-4: Loading available Gradle versions] INFO  o.e.b.c.i.u.g.PublishedGradleVersions - Gradle version information cache is up-to-date. Trying to read.
2024-05-03 09:35:48,422 [Worker-4: Loading available Gradle versions] INFO  o.e.b.c.i.u.g.PublishedGradleVersions - Gradle version information cache is up-to-date. Trying to read.
2024-05-03 21:23:54,839 [Worker-7: Loading available Gradle versions] INFO  o.e.b.c.i.u.g.PublishedGradleVersions - Gradle version information cache is out-of-date. Trying to update.
2024-05-03 21:24:00,884 [Worker-9: Deferred Early Start] INFO  o.a.h.c.h.i.c.HttpRequestRetryExec - Recoverable I/O exception (java.net.SocketException) caught when processing request to {s}->https://www.eclipse.org:443
2024-05-07 09:58:59,551 [Worker-2: Loading available Gradle versions] INFO  o.e.b.c.i.u.g.PublishedGradleVersions - Gradle version information cache is out-of-date. Trying to update.
2024-05-07 10:38:11,689 [Worker-1: Loading available Gradle versions] INFO  o.e.b.c.i.u.g.PublishedGradleVersions - Gradle version information cache is up-to-date. Trying to read.
2024-05-08 09:39:27,516 [Worker-2: Loading available Gradle versions] INFO  o.e.b.c.i.u.g.PublishedGradleVersions - Gradle version information cache is up-to-date. Trying to read.
2024-05-09 09:38:43,856 [Worker-7: Loading available Gradle versions] INFO  o.e.b.c.i.u.g.PublishedGradleVersions - Gradle version information cache is out-of-date. Trying to update.
2024-05-09 19:03:15,986 [Worker-4: Loading available Gradle versions] INFO  o.e.b.c.i.u.g.PublishedGradleVersions - Gradle version information cache is up-to-date. Trying to read.
2024-05-10 09:30:07,908 [Worker-6: Loading available Gradle versions] INFO  o.e.b.c.i.u.g.PublishedGradleVersions - Gradle version information cache is up-to-date. Trying to read.
2024-05-13 09:42:38,029 [Worker-2: Loading available Gradle versions] INFO  o.e.b.c.i.u.g.PublishedGradleVersions - Gradle version information cache is out-of-date. Trying to update.
2024-05-14 09:37:37,127 [Worker-2: Loading available Gradle versions] INFO  o.e.b.c.i.u.g.PublishedGradleVersions - Gradle version information cache is up-to-date. Trying to read.
2024-05-14 14:54:37,067 [main] INFO  org.eclipse.jetty.server.Server - jetty-12.0.6; built: 2024-01-30T02:43:24.387Z; git: 78ab6e6ba163f89cdd97f2ae0283fbb5e371cfaf; jvm 17.0.10+7
2024-05-14 14:54:37,122 [main] INFO  o.e.j.server.handler.ContextHandler - Started oeje8n.ContextHandler$CoreContextHandler@1d2b8d1a{/wse,/wse,b=null,a=AVAILABLE,h=oeje8n.ContextHandler$CoreContextHandler$CoreToNestedHandler@7312d81a{STARTED}}
2024-05-14 14:54:37,122 [main] INFO  o.e.j.s.DefaultSessionIdManager - Session workerName=node0
2024-05-14 14:54:37,145 [main] INFO  o.e.jetty.server.AbstractConnector - Started ServerConnector@73b7a581{HTTP/1.1, (http/1.1)}{0.0.0.0:55841}
2024-05-14 14:54:37,159 [main] INFO  org.eclipse.jetty.server.Server - Started oejs.Server@7a5a67e3{STARTING}[12.0.6,sto=0] @19060830ms
2024-05-14 14:54:37,626 [qtp1738466481-2776] INFO  o.e.j.e.nested.ContextHandler._wse - Warning: No org.apache.tomcat.JarScanner set in ServletContext. Falling back to default JarScanner implementation.
2024-05-14 19:01:30,204 [Framework stop - Equinox Container: 87d05518-2a17-42dd-9087-19ff98abef7a] INFO  org.eclipse.jetty.server.Server - Stopped oejs.Server@7a5a67e3{STOPPING}[12.0.6,sto=0]
2024-05-14 19:01:30,206 [Framework stop - Equinox Container: 87d05518-2a17-42dd-9087-19ff98abef7a] INFO  o.e.jetty.server.AbstractConnector - Stopped ServerConnector@73b7a581{HTTP/1.1, (http/1.1)}{0.0.0.0:0}
2024-05-16 09:32:03,473 [Worker-4: Loading available Gradle versions] INFO  o.e.b.c.i.u.g.PublishedGradleVersions - Gradle version information cache is out-of-date. Trying to update.
2024-05-17 09:33:10,040 [Worker-6: Loading available Gradle versions] INFO  o.e.b.c.i.u.g.PublishedGradleVersions - Gradle version information cache is out-of-date. Trying to update.
2024-05-20 09:41:03,050 [Worker-2: Loading available Gradle versions] INFO  o.e.b.c.i.u.g.PublishedGradleVersions - Gradle version information cache is out-of-date. Trying to update.
2024-05-23 17:32:06,653 [Worker-2: Loading available Gradle versions] INFO  o.e.b.c.i.u.g.PublishedGradleVersions - Gradle version information cache is out-of-date. Trying to update.
2024-05-27 12:47:46,042 [Worker-1: Loading available Gradle versions] INFO  o.e.b.c.i.u.g.PublishedGradleVersions - Gradle version information cache is out-of-date. Trying to update.
2024-05-31 14:00:46,461 [Worker-4: Loading available Gradle versions] INFO  o.e.b.c.i.u.g.PublishedGradleVersions - Gradle version information cache is out-of-date. Trying to update.
